Arguments: 
  /usr/local/bin/node /usr/local/bin/yarn add -D typescript ts-node ts-node-dev @types/express

PATH: 
  /opt/anaconda3/bin:/opt/anaconda3/condabin:/usr/bin:/bin:/usr/sbin:/sbin:/usr/local/bin:/Applications/Postgres.app/Contents/Versions/latest/bin

Yarn version: 
  1.22.18

Node version: 
  16.14.2

Platform: 
  darwin x64

Trace: 
  Error: getaddrinfo ENOTFOUND registry.yarnpkg.com
      at GetAddrInfoReqWrap.onlookup [as oncomplete] (node:dns:71:26)

npm manifest: 
  {
    "name": "gql-test",
    "version": "1.0.0",
    "main": "index.js",
    "license": "MIT"
  }

yarn manifest: 
  No manifest

Lockfile: 
  No lockfile
